This is pdfTeX, Version 3.141592653-2.6-1.40.23 (MiKTeX 21.8) (preloaded format=pdflatex 2021.9.9)  8 FEB 2023 10:43
entering extended mode
**"E:/Projects/MSc thesis/Thesis_Main.tex"
(E:/Projects/MSc thesis/Thesis_Main.tex
LaTeX2e <2021-06-01> patch level 1
L3 programming layer <2021-08-27>
(C:\Users\Dell\AppData\Local\Programs\MiKTeX\tex/latex/base\report.cls
Document Class: report 2021/02/12 v1.4n Standard LaTeX document class
(C:\Users\Dell\AppData\Local\Programs\MiKTeX\tex/latex/base\size12.clo
File: size12.clo 2021/02/12 v1.4n Standard LaTeX file (size option)
)
\c@part=\count182
\c@chapter=\count183
\c@section=\count184
\c@subsection=\count185
\c@subsubsection=\count186
\c@paragraph=\count187
\c@subparagraph=\count188
\c@figure=\count189
\c@table=\count190
\abovecaptionskip=\skip47
\belowcaptionskip=\skip48
\bibindent=\dimen138
)
(E:/Projects/MSc thesis\gscale_thesis_doublespace.sty)
(E:/Projects/MSc thesis\fancyheadings.sty
\fancy@headwidth=\skip49
\f@ncyO@elh=\skip50
\f@ncyO@erh=\skip51
\f@ncyO@olh=\skip52
\f@ncyO@orh=\skip53
\f@ncyO@elf=\skip54
\f@ncyO@erf=\skip55
\f@ncyO@olf=\skip56
\f@ncyO@orf=\skip57
) (E:/Projects/MSc thesis\natbib.sty
Package: natbib 2000/07/24 7.0a (PWD)
\bibhang=\skip58
\bibsep=\skip59
LaTeX Info: Redefining \cite on input line 508.
\c@NAT@ctr=\count191
)
(C:\Users\Dell\AppData\Local\Programs\MiKTeX\tex/latex/setspace\setspace.sty
Package: setspace 2022/12/04 v6.7b set line spacing
)
(C:\Users\Dell\AppData\Local\Programs\MiKTeX\tex/latex/graphics\graphicx.sty
Package: graphicx 2020/12/05 v1.2c Enhanced LaTeX Graphics (DPC,SPQR)

(C:\Users\Dell\AppData\Local\Programs\MiKTeX\tex/latex/graphics\keyval.sty
Package: keyval 2014/10/28 v1.15 key=value parser (DPC)
\KV@toks@=\toks16
)
(C:\Users\Dell\AppData\Local\Programs\MiKTeX\tex/latex/graphics\graphics.sty
Package: graphics 2021/03/04 v1.4d Standard LaTeX Graphics (DPC,SPQR)

(C:\Users\Dell\AppData\Local\Programs\MiKTeX\tex/latex/graphics\trig.sty
Package: trig 2016/01/03 v1.10 sin cos tan (DPC)
)
(C:\Users\Dell\AppData\Local\Programs\MiKTeX\tex/latex/graphics-cfg\graphics.cf
g
File: graphics.cfg 2016/06/04 v1.11 sample graphics configuration
)
Package graphics Info: Driver file: pdftex.def on input line 107.

(C:\Users\Dell\AppData\Local\Programs\MiKTeX\tex/latex/graphics-def\pdftex.def
File: pdftex.def 2020/10/05 v1.2a Graphics/color driver for pdftex
))
\Gin@req@height=\dimen139
\Gin@req@width=\dimen140
)
(C:\Users\Dell\AppData\Local\Programs\MiKTeX\tex/latex/caption\subcaption.sty
Package: subcaption 2020/10/07 v1.3j Sub-captions (AR)

(C:\Users\Dell\AppData\Local\Programs\MiKTeX\tex/latex/caption\caption.sty
Package: caption 2020/10/26 v3.5g Customizing captions (AR)

(C:\Users\Dell\AppData\Local\Programs\MiKTeX\tex/latex/caption\caption3.sty
Package: caption3 2020/10/21 v2.2e caption3 kernel (AR)
\captionmargin=\dimen141
\captionmargin@=\dimen142
\captionwidth=\dimen143
\caption@tempdima=\dimen144
\caption@indent=\dimen145
\caption@parindent=\dimen146
\caption@hangindent=\dimen147
Package caption Info: Standard document class detected.
)
\c@caption@flags=\count192
\c@continuedfloat=\count193
)
\c@subfigure=\count194
\c@subtable=\count195
)
(C:\Users\Dell\AppData\Local\Programs\MiKTeX\tex/latex/tools\array.sty
Package: array 2021/04/20 v2.5e Tabular extension package (FMi)
\col@sep=\dimen148
\ar@mcellbox=\box50
\extrarowheight=\dimen149
\NC@list=\toks17
\extratabsurround=\skip60
\backup@length=\skip61
\ar@cellbox=\box51
)
(C:\Users\Dell\AppData\Local\Programs\MiKTeX\tex/latex/booktabs\booktabs.sty
Package: booktabs 2020/01/12 v1.61803398 Publication quality tables
\heavyrulewidth=\dimen150
\lightrulewidth=\dimen151
\cmidrulewidth=\dimen152
\belowrulesep=\dimen153
\belowbottomsep=\dimen154
\aboverulesep=\dimen155
\abovetopsep=\dimen156
\cmidrulesep=\dimen157
\cmidrulekern=\dimen158
\defaultaddspace=\dimen159
\@cmidla=\count196
\@cmidlb=\count197
\@aboverulesep=\dimen160
\@belowrulesep=\dimen161
\@thisruleclass=\count198
\@lastruleclass=\count199
\@thisrulewidth=\dimen162
)
(C:\Users\Dell\AppData\Local\Programs\MiKTeX\tex/latex/tools\longtable.sty
Package: longtable 2021-05-07 v4.16 Multi-page Table package (DPC)
\LTleft=\skip62
\LTright=\skip63
\LTpre=\skip64
\LTpost=\skip65
\LTchunksize=\count266
\LTcapwidth=\dimen163
\LT@head=\box52
\LT@firsthead=\box53
\LT@foot=\box54
\LT@lastfoot=\box55
\LT@gbox=\box56
\LT@cols=\count267
\LT@rows=\count268
\c@LT@tables=\count269
\c@LT@chunks=\count270
\LT@p@ftn=\toks18
)
(C:\Users\Dell\AppData\Local\Programs\MiKTeX\tex/latex/float\float.sty
Package: float 2001/11/08 v1.3d Float enhancements (AL)
\c@float@type=\count271
\float@exts=\toks19
\float@box=\box57
\@float@everytoks=\toks20
\@floatcapt=\box58
)
(C:\Users\Dell\AppData\Local\Programs\MiKTeX\tex/latex/tools\enumerate.sty
Package: enumerate 2015/07/23 v3.00 enumerate extensions (DPC)
\@enLab=\toks21
)
(C:\Users\Dell\AppData\Local\Programs\MiKTeX\tex/latex/enumitem\enumitem.sty
Package: enumitem 2019/06/20 v3.9 Customized lists
\labelindent=\skip66
\enit@outerparindent=\dimen164
\enit@toks=\toks22
\enit@inbox=\box59
\enit@count@id=\count272
\enitdp@description=\count273
)
(C:\Users\Dell\AppData\Local\Programs\MiKTeX\tex/latex/ncctools\extdash.sty
Package: extdash 2018/06/24 v1.3 Extended Dash Package (NCC)
)
(C:\Users\Dell\AppData\Local\Programs\MiKTeX\tex/latex/amsmath\amsmath.sty
Package: amsmath 2021/04/20 v2.17j AMS math features
\@mathmargin=\skip67

For additional information on amsmath, use the `?' option.
(C:\Users\Dell\AppData\Local\Programs\MiKTeX\tex/latex/amsmath\amstext.sty
Package: amstext 2000/06/29 v2.01 AMS text

(C:\Users\Dell\AppData\Local\Programs\MiKTeX\tex/latex/amsmath\amsgen.sty
File: amsgen.sty 1999/11/30 v2.0 generic functions
\@emptytoks=\toks23
\ex@=\dimen165
))
(C:\Users\Dell\AppData\Local\Programs\MiKTeX\tex/latex/amsmath\amsbsy.sty
Package: amsbsy 1999/11/29 v1.2d Bold Symbols
\pmbraise@=\dimen166
)
(C:\Users\Dell\AppData\Local\Programs\MiKTeX\tex/latex/amsmath\amsopn.sty
Package: amsopn 2016/03/08 v2.02 operator names
)
\inf@bad=\count274
LaTeX Info: Redefining \frac on input line 234.
\uproot@=\count275
\leftroot@=\count276
LaTeX Info: Redefining \overline on input line 399.
\classnum@=\count277
\DOTSCASE@=\count278
LaTeX Info: Redefining \ldots on input line 496.
LaTeX Info: Redefining \dots on input line 499.
LaTeX Info: Redefining \cdots on input line 620.
\Mathstrutbox@=\box60
\strutbox@=\box61
\big@size=\dimen167
LaTeX Font Info:    Redeclaring font encoding OML on input line 743.
LaTeX Font Info:    Redeclaring font encoding OMS on input line 744.
\macc@depth=\count279
\c@MaxMatrixCols=\count280
\dotsspace@=\muskip16
\c@parentequation=\count281
\dspbrk@lvl=\count282
\tag@help=\toks24
\row@=\count283
\column@=\count284
\maxfields@=\count285
\andhelp@=\toks25
\eqnshift@=\dimen168
\alignsep@=\dimen169
\tagshift@=\dimen170
\tagwidth@=\dimen171
\totwidth@=\dimen172
\lineht@=\dimen173
\@envbody=\toks26
\multlinegap=\skip68
\multlinetaggap=\skip69
\mathdisplay@stack=\toks27
LaTeX Info: Redefining \[ on input line 2923.
LaTeX Info: Redefining \] on input line 2924.
)
(C:\Users\Dell\AppData\Local\Programs\MiKTeX\tex/latex/amsfonts\amsfonts.sty
Package: amsfonts 2013/01/14 v3.01 Basic AMSFonts support
\symAMSa=\mathgroup4
\symAMSb=\mathgroup5
LaTeX Font Info:    Redeclaring math symbol \hbar on input line 98.
LaTeX Font Info:    Overwriting math alphabet `\mathfrak' in version `bold'
(Font)                  U/euf/m/n --> U/euf/b/n on input line 106.
)
(C:\Users\Dell\AppData\Local\Programs\MiKTeX\tex/latex/hyperref\hyperref.sty
Package: hyperref 2021-06-07 v7.00m Hypertext links for LaTeX

(C:\Users\Dell\AppData\Local\Programs\MiKTeX\tex/generic/ltxcmds\ltxcmds.sty
Package: ltxcmds 2020-05-10 v1.25 LaTeX kernel commands for general use (HO)
)
(C:\Users\Dell\AppData\Local\Programs\MiKTeX\tex/generic/iftex\iftex.sty
Package: iftex 2020/03/06 v1.0d TeX engine tests
)
(C:\Users\Dell\AppData\Local\Programs\MiKTeX\tex/generic/pdftexcmds\pdftexcmds.
sty
Package: pdftexcmds 2020-06-27 v0.33 Utility functions of pdfTeX for LuaTeX (HO
)

(C:\Users\Dell\AppData\Local\Programs\MiKTeX\tex/generic/infwarerr\infwarerr.st
y
Package: infwarerr 2019/12/03 v1.5 Providing info/warning/error messages (HO)
)
Package pdftexcmds Info: \pdf@primitive is available.
Package pdftexcmds Info: \pdf@ifprimitive is available.
Package pdftexcmds Info: \pdfdraftmode found.
)
(C:\Users\Dell\AppData\Local\Programs\MiKTeX\tex/generic/kvsetkeys\kvsetkeys.st
y
Package: kvsetkeys 2019/12/15 v1.18 Key value parser (HO)
)
(C:\Users\Dell\AppData\Local\Programs\MiKTeX\tex/generic/kvdefinekeys\kvdefinek
eys.sty
Package: kvdefinekeys 2019-12-19 v1.6 Define keys (HO)
)
(C:\Users\Dell\AppData\Local\Programs\MiKTeX\tex/generic/pdfescape\pdfescape.st
y
Package: pdfescape 2019/12/09 v1.15 Implements pdfTeX's escape features (HO)
) (C:\Users\Dell\AppData\Local\Programs\MiKTeX\tex/latex/hycolor\hycolor.sty
Package: hycolor 2020-01-27 v1.10 Color options for hyperref/bookmark (HO)
)
(C:\Users\Dell\AppData\Local\Programs\MiKTeX\tex/latex/letltxmacro\letltxmacro.
sty
Package: letltxmacro 2019/12/03 v1.6 Let assignment for LaTeX macros (HO)
) (C:\Users\Dell\AppData\Local\Programs\MiKTeX\tex/latex/auxhook\auxhook.sty
Package: auxhook 2019-12-17 v1.6 Hooks for auxiliary files (HO)
)
(C:\Users\Dell\AppData\Local\Programs\MiKTeX\tex/latex/kvoptions\kvoptions.sty
Package: kvoptions 2020-10-07 v3.14 Key value format for package options (HO)
)
\@linkdim=\dimen174
\Hy@linkcounter=\count286
\Hy@pagecounter=\count287
(C:\Users\Dell\AppData\Local\Programs\MiKTeX\tex/latex/hyperref\pd1enc.def
File: pd1enc.def 2021-06-07 v7.00m Hyperref: PDFDocEncoding definition (HO)
Now handling font encoding PD1 ...
... no UTF-8 mapping file for font encoding PD1
)
(C:\Users\Dell\AppData\Local\Programs\MiKTeX\tex/latex/hyperref\hyperref-langpa
tches.def
File: hyperref-langpatches.def 2021-06-07 v7.00m Hyperref: patches for babel la
nguages
)
(C:\Users\Dell\AppData\Local\Programs\MiKTeX\tex/generic/intcalc\intcalc.sty
Package: intcalc 2019/12/15 v1.3 Expandable calculations with integers (HO)
)
(C:\Users\Dell\AppData\Local\Programs\MiKTeX\tex/generic/etexcmds\etexcmds.sty
Package: etexcmds 2019/12/15 v1.7 Avoid name clashes with e-TeX commands (HO)
)
\Hy@SavedSpaceFactor=\count288
(C:\Users\Dell\AppData\Local\Programs\MiKTeX\tex/latex/hyperref\puenc.def
File: puenc.def 2021-06-07 v7.00m Hyperref: PDF Unicode definition (HO)
Now handling font encoding PU ...
... no UTF-8 mapping file for font encoding PU
)
Package hyperref Info: Hyper figures OFF on input line 4192.
Package hyperref Info: Link nesting OFF on input line 4197.
Package hyperref Info: Hyper index ON on input line 4200.
Package hyperref Info: Plain pages OFF on input line 4207.
Package hyperref Info: Backreferencing OFF on input line 4212.
Package hyperref Info: Implicit mode ON; LaTeX internals redefined.
Package hyperref Info: Bookmarks ON on input line 4445.
\c@Hy@tempcnt=\count289

(C:\Users\Dell\AppData\Local\Programs\MiKTeX\tex/latex/url\url.sty
\Urlmuskip=\muskip17
Package: url 2013/09/16  ver 3.4  Verb mode for urls, etc.
)
LaTeX Info: Redefining \url on input line 4804.
\XeTeXLinkMargin=\dimen175

(C:\Users\Dell\AppData\Local\Programs\MiKTeX\tex/generic/bitset\bitset.sty
Package: bitset 2019/12/09 v1.3 Handle bit-vector datatype (HO)

(C:\Users\Dell\AppData\Local\Programs\MiKTeX\tex/generic/bigintcalc\bigintcalc.
sty
Package: bigintcalc 2019/12/15 v1.5 Expandable calculations on big integers (HO
)
))
\Fld@menulength=\count290
\Field@Width=\dimen176
\Fld@charsize=\dimen177
Package hyperref Info: Hyper figures OFF on input line 6076.
Package hyperref Info: Link nesting OFF on input line 6081.
Package hyperref Info: Hyper index ON on input line 6084.
Package hyperref Info: backreferencing OFF on input line 6091.
Package hyperref Info: Link coloring OFF on input line 6096.
Package hyperref Info: Link coloring with OCG OFF on input line 6101.
Package hyperref Info: PDF/A mode OFF on input line 6106.
LaTeX Info: Redefining \ref on input line 6146.
LaTeX Info: Redefining \pageref on input line 6150.

(C:\Users\Dell\AppData\Local\Programs\MiKTeX\tex/latex/base\atbegshi-ltx.sty
Package: atbegshi-ltx 2021/01/10 v1.0c Emulation of the original atbegshi
package with kernel methods
)
\Hy@abspage=\count291
\c@Item=\count292
\c@Hfootnote=\count293
)
Package hyperref Info: Driver (autodetected): hpdftex.

(C:\Users\Dell\AppData\Local\Programs\MiKTeX\tex/latex/hyperref\hpdftex.def
File: hpdftex.def 2021-06-07 v7.00m Hyperref driver for pdfTeX

(C:\Users\Dell\AppData\Local\Programs\MiKTeX\tex/latex/base\atveryend-ltx.sty
Package: atveryend-ltx 2020/08/19 v1.0a Emulation of the original atvery packag
e
with kernel methods
)
\Fld@listcount=\count294
\c@bookmark@seq@number=\count295

(C:\Users\Dell\AppData\Local\Programs\MiKTeX\tex/latex/rerunfilecheck\rerunfile
check.sty
Package: rerunfilecheck 2019/12/05 v1.9 Rerun checks for auxiliary files (HO)

(C:\Users\Dell\AppData\Local\Programs\MiKTeX\tex/generic/uniquecounter\uniqueco
unter.sty
Package: uniquecounter 2019/12/15 v1.4 Provide unlimited unique counter (HO)
)
Package uniquecounter Info: New unique counter `rerunfilecheck' on input line 2
86.
)
\Hy@SectionHShift=\skip70
)
(C:\Users\Dell\AppData\Local\Programs\MiKTeX\tex/latex/newunicodechar\newunicod
echar.sty
Package: newunicodechar 2018/04/08 v1.2 Defining Unicode characters
)
(C:\Users\Dell\AppData\Local\Programs\MiKTeX\tex/latex/fourier\fourier.sty
Package: fourier 2020/03/03 2.2 fourier-GUTenberg package
Now handling font encoding FML ...
... no UTF-8 mapping file for font encoding FML
Now handling font encoding FMS ...
... no UTF-8 mapping file for font encoding FMS
Now handling font encoding FMX ...
... no UTF-8 mapping file for font encoding FMX

(C:\Users\Dell\AppData\Local\Programs\MiKTeX\tex/latex/base\fontenc.sty
Package: fontenc 2021/04/29 v2.0v Standard LaTeX package
LaTeX Font Info:    Trying to load font information for T1+futs on input line 1
12.

(C:\Users\Dell\AppData\Local\Programs\MiKTeX\tex/latex/fourier\t1futs.fd
File: t1futs.fd 2004/03/02 Fontinst v1.926 font definitions for T1/futs.
))
(C:\Users\Dell\AppData\Local\Programs\MiKTeX\tex/latex/base\textcomp.sty
Package: textcomp 2020/02/02 v2.0n Standard LaTeX package
)
(C:\Users\Dell\AppData\Local\Programs\MiKTeX\tex/latex/fourier\fourier-orns.sty
Package: fourier-orns 2020/03/03 2.2 fourier-ornaments package
)
LaTeX Font Info:    Redeclaring symbol font `operators' on input line 63.
LaTeX Font Info:    Encoding `OT1' has changed to `T1' for symbol font
(Font)              `operators' in the math version `normal' on input line 63.
LaTeX Font Info:    Overwriting symbol font `operators' in version `normal'
(Font)                  OT1/cmr/m/n --> T1/futs/m/n on input line 63.
LaTeX Font Info:    Encoding `OT1' has changed to `T1' for symbol font
(Font)              `operators' in the math version `bold' on input line 63.
LaTeX Font Info:    Overwriting symbol font `operators' in version `bold'
(Font)                  OT1/cmr/bx/n --> T1/futs/m/n on input line 63.
LaTeX Font Info:    Overwriting symbol font `operators' in version `bold'
(Font)                  T1/futs/m/n --> T1/futs/b/n on input line 64.
LaTeX Font Info:    Redeclaring symbol font `letters' on input line 72.
LaTeX Font Info:    Encoding `OML' has changed to `FML' for symbol font
(Font)              `letters' in the math version `normal' on input line 72.
LaTeX Font Info:    Overwriting symbol font `letters' in version `normal'
(Font)                  OML/cmm/m/it --> FML/futmi/m/it on input line 72.
LaTeX Font Info:    Encoding `OML' has changed to `FML' for symbol font
(Font)              `letters' in the math version `bold' on input line 72.
LaTeX Font Info:    Overwriting symbol font `letters' in version `bold'
(Font)                  OML/cmm/b/it --> FML/futmi/m/it on input line 72.
\symotherletters=\mathgroup6
LaTeX Font Info:    Overwriting symbol font `letters' in version `bold'
(Font)                  FML/futmi/m/it --> FML/futmi/b/it on input line 74.
LaTeX Font Info:    Overwriting symbol font `otherletters' in version `bold'
(Font)                  FML/futm/m/it --> FML/futm/b/it on input line 75.
LaTeX Font Info:    Redeclaring math symbol \Gamma on input line 76.
LaTeX Font Info:    Redeclaring math symbol \Delta on input line 77.
LaTeX Font Info:    Redeclaring math symbol \Theta on input line 78.
LaTeX Font Info:    Redeclaring math symbol \Lambda on input line 79.
LaTeX Font Info:    Redeclaring math symbol \Xi on input line 80.
LaTeX Font Info:    Redeclaring math symbol \Pi on input line 81.
LaTeX Font Info:    Redeclaring math symbol \Sigma on input line 82.
LaTeX Font Info:    Redeclaring math symbol \Upsilon on input line 83.
LaTeX Font Info:    Redeclaring math symbol \Phi on input line 84.
LaTeX Font Info:    Redeclaring math symbol \Psi on input line 85.
LaTeX Font Info:    Redeclaring math symbol \Omega on input line 86.
LaTeX Font Info:    Redeclaring symbol font `symbols' on input line 126.
LaTeX Font Info:    Encoding `OMS' has changed to `FMS' for symbol font
(Font)              `symbols' in the math version `normal' on input line 126.
LaTeX Font Info:    Overwriting symbol font `symbols' in version `normal'
(Font)                  OMS/cmsy/m/n --> FMS/futm/m/n on input line 126.
LaTeX Font Info:    Encoding `OMS' has changed to `FMS' for symbol font
(Font)              `symbols' in the math version `bold' on input line 126.
LaTeX Font Info:    Overwriting symbol font `symbols' in version `bold'
(Font)                  OMS/cmsy/b/n --> FMS/futm/m/n on input line 126.
LaTeX Font Info:    Redeclaring symbol font `largesymbols' on input line 127.
LaTeX Font Info:    Encoding `OMX' has changed to `FMX' for symbol font
(Font)              `largesymbols' in the math version `normal' on input line 1
27.
LaTeX Font Info:    Overwriting symbol font `largesymbols' in version `normal'
(Font)                  OMX/cmex/m/n --> FMX/futm/m/n on input line 127.
LaTeX Font Info:    Encoding `OMX' has changed to `FMX' for symbol font
(Font)              `largesymbols' in the math version `bold' on input line 127
.
LaTeX Font Info:    Overwriting symbol font `largesymbols' in version `bold'
(Font)                  OMX/cmex/m/n --> FMX/futm/m/n on input line 127.
LaTeX Font Info:    Redeclaring math alphabet \mathbf on input line 128.
LaTeX Font Info:    Overwriting math alphabet `\mathbf' in version `normal'
(Font)                  OT1/cmr/bx/n --> T1/futs/bx/n on input line 128.
LaTeX Font Info:    Overwriting math alphabet `\mathbf' in version `bold'
(Font)                  OT1/cmr/bx/n --> T1/futs/bx/n on input line 128.
LaTeX Font Info:    Redeclaring math alphabet \mathrm on input line 129.
LaTeX Font Info:    Redeclaring math alphabet \mathit on input line 130.
LaTeX Font Info:    Overwriting math alphabet `\mathit' in version `normal'
(Font)                  OT1/cmr/m/it --> T1/futs/m/it on input line 130.
LaTeX Font Info:    Overwriting math alphabet `\mathit' in version `bold'
(Font)                  OT1/cmr/bx/it --> T1/futs/m/it on input line 130.
LaTeX Font Info:    Redeclaring math alphabet \mathcal on input line 131.
LaTeX Font Info:    Redeclaring math symbol \parallel on input line 147.
LaTeX Font Info:    Redeclaring math symbol \hbar on input line 161.
LaTeX Font Info:    Redeclaring math symbol \square on input line 166.
LaTeX Font Info:    Redeclaring math symbol \varkappa on input line 199.
LaTeX Font Info:    Redeclaring math symbol \varvarrho on input line 200.
LaTeX Font Info:    Redeclaring math delimiter \Vert on input line 223.
LaTeX Font Info:    Redeclaring math delimiter \vert on input line 228.
LaTeX Font Info:    Redeclaring math delimiter \lvert on input line 230.
LaTeX Font Info:    Redeclaring math delimiter \rvert on input line 232.
LaTeX Font Info:    Redeclaring math delimiter \lVert on input line 234.
LaTeX Font Info:    Redeclaring math delimiter \rVert on input line 236.
LaTeX Font Info:    Redeclaring math delimiter \Downarrow on input line 238.
LaTeX Font Info:    Redeclaring math delimiter \backslash on input line 240.
LaTeX Font Info:    Redeclaring math delimiter \rangle on input line 242.
LaTeX Font Info:    Redeclaring math delimiter \langle on input line 244.
LaTeX Font Info:    Redeclaring math delimiter \rbrace on input line 246.
LaTeX Font Info:    Redeclaring math delimiter \lbrace on input line 248.
LaTeX Font Info:    Redeclaring math delimiter \rceil on input line 250.
LaTeX Font Info:    Redeclaring math delimiter \lceil on input line 252.
LaTeX Font Info:    Redeclaring math delimiter \rfloor on input line 254.
LaTeX Font Info:    Redeclaring math delimiter \lfloor on input line 256.
LaTeX Font Info:    Redeclaring math accent \acute on input line 260.
LaTeX Font Info:    Redeclaring math accent \grave on input line 261.
LaTeX Font Info:    Redeclaring math accent \ddot on input line 262.
LaTeX Font Info:    Redeclaring math accent \tilde on input line 263.
LaTeX Font Info:    Redeclaring math accent \bar on input line 264.
LaTeX Font Info:    Redeclaring math accent \breve on input line 265.
LaTeX Font Info:    Redeclaring math accent \check on input line 266.
LaTeX Font Info:    Redeclaring math accent \hat on input line 267.
LaTeX Font Info:    Redeclaring math accent \dot on input line 268.
LaTeX Font Info:    Redeclaring math accent \mathring on input line 269.
\symUfutm=\mathgroup7
) (C:\Users\Dell\AppData\Local\Programs\MiKTeX\tex/latex/fancyvrb\fancyvrb.sty
Package: fancyvrb 2021/08/12 v3.8 verbatim text (tvz,hv)
\FV@CodeLineNo=\count296
\FV@InFile=\read2
\FV@TabBox=\box62
\c@FancyVerbLine=\count297
\FV@StepNumber=\count298
\FV@OutFile=\write3
) (C:\Users\Dell\AppData\Local\Programs\MiKTeX\tex/latex/comment\comment.sty
\CommentStream=\write4

Excluding comment 'comment') (E:/Projects/MSc thesis\agda.sty
Package: agda 

(C:\Users\Dell\AppData\Local\Programs\MiKTeX\tex/generic/iftex\ifxetex.sty
Package: ifxetex 2019/10/25 v0.7 ifxetex legacy package. Use iftex instead.
)
(C:\Users\Dell\AppData\Local\Programs\MiKTeX\tex/generic/iftex\ifluatex.sty
Package: ifluatex 2019/10/25 v1.5 ifluatex legacy package. Use iftex instead.
)
(C:\Users\Dell\AppData\Local\Programs\MiKTeX\tex/latex/base\ifthen.sty
Package: ifthen 2020/11/24 v1.1c Standard LaTeX ifthen package (DPC)
)
(C:\Users\Dell\AppData\Local\Programs\MiKTeX\tex/latex/xcolor\xcolor.sty
Package: xcolor 2016/05/11 v2.12 LaTeX color extensions (UK)

(C:\Users\Dell\AppData\Local\Programs\MiKTeX\tex/latex/graphics-cfg\color.cfg
File: color.cfg 2016/01/02 v1.6 sample color configuration
)
Package xcolor Info: Driver file: pdftex.def on input line 225.
Package xcolor Info: Model `cmy' substituted by `cmy0' on input line 1348.
Package xcolor Info: Model `hsb' substituted by `rgb' on input line 1352.
Package xcolor Info: Model `RGB' extended on input line 1364.
Package xcolor Info: Model `HTML' substituted by `rgb' on input line 1366.
Package xcolor Info: Model `Hsb' substituted by `hsb' on input line 1367.
Package xcolor Info: Model `tHsb' substituted by `hsb' on input line 1368.
Package xcolor Info: Model `HSB' substituted by `hsb' on input line 1369.
Package xcolor Info: Model `Gray' substituted by `gray' on input line 1370.
Package xcolor Info: Model `wave' substituted by `hsb' on input line 1371.
) (C:\Users\Dell\AppData\Local\Programs\MiKTeX\tex/latex/polytable\polytable.st
y
Package: polytable 2020/07/14 v0.8.6 `polytable' package (Andres Loeh)
(C:\Users\Dell\AppData\Local\Programs\MiKTeX\tex/latex/lazylist\lazylist.sty)
\PT@colwidth=\dimen178
\PT@cols=\count299
\PT@table=\count300
\PT@toks=\toks28
\PT@in=\read3
\PT@out=\write5
)
(C:\Users\Dell\AppData\Local\Programs\MiKTeX\tex/latex/etoolbox\etoolbox.sty
Package: etoolbox 2020/10/05 v2.5k e-TeX tools for LaTeX (JAW)
\etb@tempcnta=\count301
)
(C:\Users\Dell\AppData\Local\Programs\MiKTeX\tex/latex/ucs\ucs.sty
Package: ucs 2013/05/11 v2.2 UCS: Unicode input support

(C:\Users\Dell\AppData\Local\Programs\MiKTeX\tex/latex/ucs\uni-global.def
File: uni-global.def 2013/05/13 UCS: Unicode global data
)
\uc@secondtry=\count302
\uc@combtoks=\toks29
\uc@combtoksb=\toks30
\uc@temptokena=\toks31
)
(C:\Users\Dell\AppData\Local\Programs\MiKTeX\tex/latex/amsfonts\amssymb.sty
Package: amssymb 2013/01/14 v3.01 AMS font symbols
LaTeX Font Info:    Redeclaring math symbol \blacksquare on input line 48.
LaTeX Font Info:    Redeclaring math symbol \vDash on input line 60.
LaTeX Font Info:    Redeclaring math symbol \leftleftarrows on input line 63.
LaTeX Font Info:    Redeclaring math symbol \rightrightarrows on input line 64.

LaTeX Font Info:    Redeclaring math symbol \leqslant on input line 101.
LaTeX Font Info:    Redeclaring math symbol \geqslant on input line 108.
LaTeX Font Info:    Redeclaring math symbol \blacktriangleright on input line 1
20.
LaTeX Font Info:    Redeclaring math symbol \blacktriangleleft on input line 12
1.
LaTeX Font Info:    Redeclaring math symbol \complement on input line 165.
LaTeX Font Info:    Redeclaring math symbol \intercal on input line 166.
LaTeX Font Info:    Redeclaring math symbol \nleqslant on input line 181.
LaTeX Font Info:    Redeclaring math symbol \ngeqslant on input line 182.
LaTeX Font Info:    Redeclaring math symbol \varsubsetneq on input line 203.
LaTeX Font Info:    Redeclaring math symbol \subsetneqq on input line 207.
LaTeX Font Info:    Redeclaring math symbol \nparallel on input line 215.
LaTeX Font Info:    Redeclaring math symbol \nvDash on input line 221.
LaTeX Font Info:    Redeclaring math symbol \nexists on input line 235.
LaTeX Font Info:    Redeclaring math symbol \smallsetminus on input line 251.
LaTeX Font Info:    Redeclaring math symbol \curvearrowleft on input line 257.
LaTeX Font Info:    Redeclaring math symbol \curvearrowright on input line 258.

LaTeX Font Info:    Redeclaring math symbol \varkappa on input line 260.
LaTeX Font Info:    Redeclaring math symbol \hslash on input line 262.
)
(C:\Users\Dell\AppData\Local\Programs\MiKTeX\tex/latex/tipa\tipa.sty
Package: tipa 2002/08/08 TIPA version 1.1

(C:\Users\Dell\AppData\Local\Programs\MiKTeX\tex/latex/base\fontenc.sty
Package: fontenc 2021/04/29 v2.0v Standard LaTeX package

(C:\Users\Dell\AppData\Local\Programs\MiKTeX\tex/latex/tipa\t3enc.def
File: t3enc.def 2001/12/31 T3 encoding
Now handling font encoding T3 ...
... no UTF-8 mapping file for font encoding T3
LaTeX Font Info:    Font shape `T1/futs/bx/n' in size <12> not available
(Font)              Font shape `T1/futs/b/n' tried instead on input line 356.
LaTeX Font Info:    Trying to load font information for T1+cmss on input line 3
57.

(C:\Users\Dell\AppData\Local\Programs\MiKTeX\tex/latex/base\t1cmss.fd
File: t1cmss.fd 2019/12/16 v2.5j Standard LaTeX font definitions
))))
(C:\Users\Dell\AppData\Local\Programs\MiKTeX\tex/latex/base\fontenc.sty
Package: fontenc 2021/04/29 v2.0v Standard LaTeX package
)
(C:\Users\Dell\AppData\Local\Programs\MiKTeX\tex/latex/base\inputenc.sty
Package: inputenc 2021/02/14 v1.3d Input encoding file
\inpenc@prehook=\toks32
\inpenc@posthook=\toks33

(C:\Users\Dell\AppData\Local\Programs\MiKTeX\tex/latex/ucs\utf8x.def
File: utf8x.def 2004/10/17 UCS: Input encoding UTF-8
))
\mathindent=\dimen179
)
(C:\Users\Dell\AppData\Local\Programs\MiKTeX\tex/latex/l3backend\l3backend-pdft
ex.def
File: l3backend-pdftex.def 2021-08-04 L3 backend support: PDF output (pdfTeX)
\l__color_backend_stack_int=\count303
\l__pdf_internal_box=\box63
)
No file Thesis_Main.aux.
\openout1 = `Thesis_Main.aux'.

LaTeX Font Info:    Checking defaults for OML/cmm/m/it on input line 35.
LaTeX Font Info:    ... okay on input line 35.
LaTeX Font Info:    Checking defaults for OMS/cmsy/m/n on input line 35.
LaTeX Font Info:    ... okay on input line 35.
LaTeX Font Info:    Checking defaults for OT1/cmr/m/n on input line 35.
LaTeX Font Info:    ... okay on input line 35.
LaTeX Font Info:    Checking defaults for T1/cmr/m/n on input line 35.
LaTeX Font Info:    ... okay on input line 35.
LaTeX Font Info:    Checking defaults for TS1/cmr/m/n on input line 35.
LaTeX Font Info:    ... okay on input line 35.
LaTeX Font Info:    Checking defaults for OMX/cmex/m/n on input line 35.
LaTeX Font Info:    ... okay on input line 35.
LaTeX Font Info:    Checking defaults for U/cmr/m/n on input line 35.
LaTeX Font Info:    ... okay on input line 35.
LaTeX Font Info:    Checking defaults for PD1/pdf/m/n on input line 35.
LaTeX Font Info:    ... okay on input line 35.
LaTeX Font Info:    Checking defaults for PU/pdf/m/n on input line 35.
LaTeX Font Info:    ... okay on input line 35.
LaTeX Font Info:    Checking defaults for FML/futm/m/it on input line 35.
LaTeX Font Info:    Trying to load font information for FML+futm on input line 
35.
(C:\Users\Dell\AppData\Local\Programs\MiKTeX\tex/latex/fourier\fmlfutm.fd
File: fmlfutm.fd 2004/10/30 Fontinst v1.926 font definitions for FML/futm.
)
LaTeX Font Info:    ... okay on input line 35.
LaTeX Font Info:    Checking defaults for FMS/futm/m/n on input line 35.
LaTeX Font Info:    Trying to load font information for FMS+futm on input line 
35.

(C:\Users\Dell\AppData\Local\Programs\MiKTeX\tex/latex/fourier\fmsfutm.fd
File: fmsfutm.fd 2004/10/30 Fontinst v1.926 font definitions for FMS/futm.
)
LaTeX Font Info:    ... okay on input line 35.
LaTeX Font Info:    Checking defaults for FMX/futm/m/n on input line 35.
LaTeX Font Info:    Trying to load font information for FMX+futm on input line 
35.

(C:\Users\Dell\AppData\Local\Programs\MiKTeX\tex/latex/fourier\fmxfutm.fd
File: fmxfutm.fd futm-extension
)
LaTeX Font Info:    ... okay on input line 35.
LaTeX Font Info:    Checking defaults for T3/cmr/m/n on input line 35.
LaTeX Font Info:    Trying to load font information for T3+cmr on input line 35
.

(C:\Users\Dell\AppData\Local\Programs\MiKTeX\tex/latex/tipa\t3cmr.fd
File: t3cmr.fd 2001/12/31 TIPA font definitions
)
LaTeX Font Info:    ... okay on input line 35.

(C:\Users\Dell\AppData\Local\Programs\MiKTeX\tex/context/base/mkii\supp-pdf.mki
i
[Loading MPS to PDF converter (version 2006.09.02).]
\scratchcounter=\count304
\scratchdimen=\dimen180
\scratchbox=\box64
\nofMPsegments=\count305
\nofMParguments=\count306
\everyMPshowfont=\toks34
\MPscratchCnt=\count307
\MPscratchDim=\dimen181
\MPnumerator=\count308
\makeMPintoPDFobject=\count309
\everyMPtoPDFconversion=\toks35
)
(C:\Users\Dell\AppData\Local\Programs\MiKTeX\tex/latex/epstopdf-pkg\epstopdf-ba
se.sty
Package: epstopdf-base 2020-01-24 v2.11 Base part for package epstopdf
Package epstopdf-base Info: Redefining graphics rule for `.eps' on input line 4
85.

(C:\Users\Dell\AppData\Local\Programs\MiKTeX\tex/latex/00miktex\epstopdf-sys.cf
g
File: epstopdf-sys.cfg 2021/03/18 v2.0 Configuration of epstopdf for MiKTeX
))
Package caption Info: Begin \AtBeginDocument code.
Package caption Info: float package is loaded.
Package caption Info: hyperref package is loaded.
Package caption Info: longtable package is loaded.

(C:\Users\Dell\AppData\Local\Programs\MiKTeX\tex/latex/caption\ltcaption.sty
Package: ltcaption 2020/05/30 v1.4b longtable captions (AR)
)
Package caption Info: End \AtBeginDocument code.
Package hyperref Info: Link coloring OFF on input line 35.

(C:\Users\Dell\AppData\Local\Programs\MiKTeX\tex/latex/hyperref\nameref.sty
Package: nameref 2021-04-02 v2.47 Cross-referencing by name of section

(C:\Users\Dell\AppData\Local\Programs\MiKTeX\tex/latex/refcount\refcount.sty
Package: refcount 2019/12/15 v3.6 Data extraction from label references (HO)
)
(C:\Users\Dell\AppData\Local\Programs\MiKTeX\tex/generic/gettitlestring\gettitl
estring.sty
Package: gettitlestring 2019/12/15 v1.6 Cleanup title references (HO)
)
\c@section@level=\count310
)
LaTeX Info: Redefining \ref on input line 35.
LaTeX Info: Redefining \pageref on input line 35.
LaTeX Info: Redefining \nameref on input line 35.
\@outlinefile=\write6
\openout6 = `Thesis_Main.out'.

LaTeX Font Info:    Redeclaring math accent \widehat on input line 35.
LaTeX Font Info:    Redeclaring math accent \widetilde on input line 35.

(C:\Users\Dell\AppData\Local\Programs\MiKTeX\tex/latex/ucs\ucsencs.def
File: ucsencs.def 2011/01/21 Fixes to fontencodings LGR, T3
T3\textscriptg already defined.

fontencoding T3 patched
)
\openout2 = `definitions.aux'.

 (E:/Projects/MSc thesis\definitions.tex)
Package hyperref Info: Option `pageanchor' set `false' on input line 38.
 [1




{C:/Users/Dell/AppData/Local/MiKTeX/pdftex/config/pdftex.map}]
LaTeX Font Info:    Trying to load font information for TS1+futs on input line 
38.

(C:\Users\Dell\AppData\Local\Programs\MiKTeX\tex/latex/fourier\ts1futs.fd
File: ts1futs.fd 2003/09/14 Fontinst v1.801 font definitions for TS1/futs.
)
[1]
LaTeX Font Info:    Trying to load font information for FML+futmi on input line
 38.
 (C:\Users\Dell\AppData\Local\Programs\MiKTeX\tex/latex/fourier\fmlfutmi.fd
File: fmlfutmi.fd 2004/10/30 Fontinst v1.926 font definitions for FML/futmi.
)
LaTeX Font Info:    Font shape `FMX/futm/m/n' will be
(Font)              scaled to size 11.03998pt on input line 38.
LaTeX Font Info:    Font shape `FMX/futm/m/n' will be
(Font)              scaled to size 8.27998pt on input line 38.
LaTeX Font Info:    Font shape `FMX/futm/m/n' will be
(Font)              scaled to size 6.43999pt on input line 38.
LaTeX Font Info:    Trying to load font information for U+msa on input line 38.

(C:\Users\Dell\AppData\Local\Programs\MiKTeX\tex/latex/amsfonts\umsa.fd
File: umsa.fd 2013/01/14 v3.01 AMS symbols A
)
LaTeX Font Info:    Trying to load font information for U+msb on input line 38.


(C:\Users\Dell\AppData\Local\Programs\MiKTeX\tex/latex/amsfonts\umsb.fd
File: umsb.fd 2013/01/14 v3.01 AMS symbols B
)
LaTeX Font Info:    Font shape `U/futm/m/n' will be
(Font)              scaled to size 11.03998pt on input line 38.
LaTeX Font Info:    Font shape `U/futm/m/n' will be
(Font)              scaled to size 8.27998pt on input line 38.
LaTeX Font Info:    Font shape `U/futm/m/n' will be
(Font)              scaled to size 6.43999pt on input line 38.


LaTeX Warning: Reference `NumPrefacePages' on page ii undefined on input line 3
8.


LaTeX Warning: Reference `NumDocumentPages' on page ii undefined on input line 
38.

[2]
\openout2 = `layabstr.aux'.

 (E:/Projects/MSc thesis\layabstr.tex) [3


]
\openout2 = `abstr.aux'.

 (E:/Projects/MSc thesis\abstr.tex) [4




]
\openout2 = `dedic.aux'.

 (E:/Projects/MSc thesis\dedic.tex) [5



]
\openout2 = `acknowledgements.aux'.


(E:/Projects/MSc thesis\acknowledgements.tex) [6




]
\tf@toc=\write7
\openout7 = `Thesis_Main.toc'.

 [7



]
\tf@lof=\write8
\openout8 = `Thesis_Main.lof'.

 [8

]
\tf@lot=\write9
\openout9 = `Thesis_Main.lot'.

 [9

]
\openout2 = `notation.aux'.


(E:/Projects/MSc thesis\notation.tex) [10


]
(E:/Projects/MSc thesis\academicachievementdeclaration.tex)
Package hyperref Info: Option `pageanchor' set `true' on input line 46.
 [11



]
\openout2 = `UniversalAlgebra.aux'.


(E:/Projects/MSc thesis\UniversalAlgebra.tex
Chapter 1.
)
Underfull \hbox (badness 10000) in paragraph at lines 2--47

 []

[1


]
\openout2 = `Agda.aux'.

 (E:/Projects/MSc thesis\Agda.tex
Chapter 2.
(C:\Users\Dell\AppData\Local\Programs\MiKTeX\tex/latex/ucs\uni-33.def
File: uni-33.def 2013/05/13 UCS: Unicode data U+2100..U+21FF
)
(C:\Users\Dell\AppData\Local\Programs\MiKTeX\tex/latex/ucs\uni-32.def
File: uni-32.def 2013/05/13 UCS: Unicode data U+2000..U+20FF
)
LaTeX Font Info:    Trying to load font information for T1+cmtt on input line 1
1.

(C:\Users\Dell\AppData\Local\Programs\MiKTeX\tex/latex/base\t1cmtt.fd
File: t1cmtt.fd 2019/12/16 v2.5j Standard LaTeX font definitions
)
(C:\Users\Dell\AppData\Local\Programs\MiKTeX\tex/latex/ucs\uni-34.def
File: uni-34.def 2013/05/13 UCS: Unicode data U+2200..U+22FF
) [2




]
Underfull \hbox (badness 10000) in paragraph at lines 21--24

 []


Package natbib Warning: Citation `hu2021formalizing' on page 3 undefined on inp
ut line 26.

[3] [4] (C:\Users\Dell\AppData\Local\Programs\MiKTeX\tex/latex/ucs\uni-2.def
File: uni-2.def 2013/05/13 UCS: Unicode data U+0200..U+02FF
)
(C:\Users\Dell\AppData\Local\Programs\MiKTeX\tex/latex/ucs\uninames.dat
File: uninames.dat 2013/05/13 UCS: Unicode character names, compressed
)
(C:\Users\Dell\AppData\Local\Programs\MiKTeX\tex/latex/ucs\uni-2.def
File: uni-2.def 2013/05/13 UCS: Unicode data U+0200..U+02FF
)

! Package ucs Error: Unknown Unicode character 737 = U+02E1,
(ucs)                possibly declared in uni-2.def.
(ucs)                Type H to see if it is available with options.

See the ucs package documentation for explanation.
Type  H <return>  for immediate help.
 ...                                              
                                                  
l.63     ( ∙-congˡ  to *-congˡ
                                  
? H
Unicode character 737 = U+02E1:
MODIFIER LETTER SMALL L
Character available with following options:
   autogenerated.
Enter I!<RET> to define the glyph.
? I!
Please enter definition for unicode character 737

\definition=\textsuperscript{l}
Tip:
(ucs)                You may include
(ucs)                  \DeclareUnicodeCharacter {737}{\textsuperscript {l}}
(ucs)                into your document source.

Package ucs Warning: Unknown character 737 = 0x02E1 appeared again. on input li
ne 63.


Package ucs Warning: Unknown character 737 = 0x02E1 appeared again. on input li
ne 67.


Package ucs Warning: Unknown character 737 = 0x02E1 appeared again. on input li
ne 67.

[5] (C:\Users\Dell\AppData\Local\Programs\MiKTeX\tex/latex/ucs\uni-39.def
File: uni-39.def 2013/05/13 UCS: Unicode data U+2700..U+27FF
)
(C:\Users\Dell\AppData\Local\Programs\MiKTeX\tex/latex/ucs\uninames.dat
File: uninames.dat 2013/05/13 UCS: Unicode character names, compressed
)
(C:\Users\Dell\AppData\Local\Programs\MiKTeX\tex/latex/ucs\uni-34.def
File: uni-34.def 2013/05/13 UCS: Unicode data U+2200..U+22FF
)

! Package ucs Error: Unknown Unicode character 8718 = U+220E,
(ucs)                possibly declared in uni-34.def.
(ucs)                Type H to see if it is available with options.

See the ucs package documentation for explanation.
Type  H <return>  for immediate help.
 ...                                              
                                                  
l.85 ...e proof is given using \textunderscore ∎
                                                  
? H
Unicode character 8718 = U+220E:
END OF PROOF
Character is not defined in uni-*.def files.
Enter I!<RET> to define the glyph.
? I!
Please enter definition for unicode character 8718

\definition=\(\qed\)
Tip:
(ucs)                You may include
(ucs)                  \DeclareUnicodeCharacter {8718}{\(\qed \)}
(ucs)                into your document source.
! Undefined control sequence.
<inserted text> ...UnicodeCharacter {8718}{\(\qed 
                                                  \)}
l.85 ...e proof is given using \textunderscore ∎
                                                  
? 
! Undefined control sequence.
\uc@read@definition ->\(\qed 
                             \)
l.85 ...e proof is given using \textunderscore ∎
                                                  
? 

Package ucs Warning: Unknown character 8718 = 0x220E appeared again. on input l
ine 87.


Package ucs Warning: Unknown character 8718 = 0x220E appeared again. on input l
ine 88.


Package ucs Warning: Unknown character 8718 = 0x220E appeared again. on input l
ine 97.

) [6]
\openout2 = `Introduction.aux'.

 (E:/Projects/MSc thesis\Introduction.tex
Chapter 3.
) [7




]
\openout2 = `algebrasurvey.aux'.

 (E:/Projects/MSc thesis\algebrasurvey.tex
Chapter 4.

Package natbib Warning: Citation `2019arXiv191203028S' on page 8 undefined on i
nput line 3.


Package natbib Warning: Citation `CaretteBigMath' on page 8 undefined on input 
line 3.


Package natbib Warning: Citation `BuildingDiamond' on page 8 undefined on input
 line 4.


Underfull \hbox (badness 10000) in paragraph at lines 3--5

 []


Underfull \hbox (badness 10000) in paragraph at lines 3--5

 []


Overfull \hbox (0.1674pt too wide) in paragraph at lines 3--5
\T1/futs/m/n/12 dently typed, higher or-der pro-gram-ming lan-guages that sup-p
orts (atleast par-tially) proof
 []

[8




]

Package natbib Warning: Citation `Paulin-Mohring2012' on page 9 undefined on in
put line 8.


Package natbib Warning: Citation `assia_mahboubi_2021_4457887' on page 9 undefi
ned on input line 8.


Package natbib Warning: Citation `10.1145/3372885.3373824' on page 9 undefined 
on input line 9.


Package natbib Warning: Citation `10.1145/3372885.3373824' on page 9 undefined 
on input line 9.


Underfull \hbox (badness 10000) in paragraph at lines 6--11

 []


Underfull \hbox (badness 10000) in paragraph at lines 6--11

 []


Underfull \hbox (badness 10000) in paragraph at lines 6--11

 []


Underfull \hbox (badness 10000) in paragraph at lines 6--11

 []

[9] [10]

Package natbib Warning: Citation `CaretteBigMath' on page 11 undefined on input
 line 18.

[11] Excluding 'comment' comment.
Underfull \hbox (badness 10000) in paragraph at lines 47--49

 []


Overfull \hbox (10.76343pt too wide) in paragraph at lines 47--49
\T1/futs/m/n/12 brary de-fines var-i-ous al-ge-braic struc-tures that in-clude 
semi-group, monoid, group, abelian-
 []

[12]
Underfull \hbox (badness 10000) in paragraph at lines 61--63

 []

[13]
Underfull \hbox (badness 10000) in paragraph at lines 71--72

 []


Underfull \hbox (badness 10000) in paragraph at lines 71--72

 []


Package hyperref Warning: Suppressing link with empty target on input line 178.



Package longtable Warning: Column widths have changed
(longtable)                in table 4.1 on input line 182.

[14] [15] [16] [17] [18]
(C:\Users\Dell\AppData\Local\Programs\MiKTeX\tex/latex/ucs\uni-37.def
File: uni-37.def 2013/05/13 UCS: Unicode data U+2500..U+25FF
)
(C:\Users\Dell\AppData\Local\Programs\MiKTeX\tex/latex/ucs\uninames.dat
File: uninames.dat 2013/05/13 UCS: Unicode character names, compressed
)
(C:\Users\Dell\AppData\Local\Programs\MiKTeX\tex/latex/ucs\uni-37.def
File: uni-37.def 2013/05/13 UCS: Unicode data U+2500..U+25FF
)

! Package ucs Error: Unknown Unicode character 9702 = U+25E6,
(ucs)                possibly declared in uni-37.def.
(ucs)                Type H to see if it is available with options.

See the ucs package documentation for explanation.
Type  H <return>  for immediate help.
 ...                                              
                                                  
l.191 ...2} \(\llbracket_\rrbracket\)  _∙_ _◦_
                                                  
? 
[19] Excluding 'comment' comment.

Package natbib Warning: Citation `Paulin-Mohring2012' on page 20 undefined on i
nput line 249.


Underfull \hbox (badness 10000) in paragraph at lines 248--251

 []


Underfull \hbox (badness 10000) in paragraph at lines 248--251

 []

[20] [21])
Underfull \hbox (badness 10000) in paragraph at lines 259--62

 []

[22]
\openout2 = `quasigrouploop.aux'.

 (E:/Projects/MSc thesis\quasigrouploop.tex
Chapter 5.

Underfull \hbox (badness 10000) in paragraph at lines 2--3

 []

[23




]

LaTeX Warning: Command \textbackslash invalid in math mode on input line 6.


LaTeX Warning: Command \textbackslash invalid in math mode on input line 9.

(C:\Users\Dell\AppData\Local\Programs\MiKTeX\tex/latex/ucs\uni-0.def
File: uni-0.def 2013/05/13 UCS: Unicode data U+0000..U+00FF
) [24]
Excluding 'comment' comment. [25]
(C:\Users\Dell\AppData\Local\Programs\MiKTeX\tex/latex/ucs\uni-3.def
File: uni-3.def 2013/05/13 UCS: Unicode data U+0300..U+03FF
)
LaTeX Font Info:    Trying to load font information for T3+cmtt on input line 1
03.

(C:\Users\Dell\AppData\Local\Programs\MiKTeX\tex/latex/tipa\t3cmtt.fd
File: t3cmtt.fd 2001/12/31 TIPA font definitions
)
Excluding 'comment' comment.

LaTeX Warning: Reference `eq_rightbol' on page 26 undefined on input line 119.


LaTeX Warning: Reference `eq_leftbol' on page 26 undefined on input line 123.


LaTeX Warning: Reference `eq_middlebol' on page 26 undefined on input line 127.


[26]

LaTeX Warning: Reference `eq_moufang' on page 27 undefined on input line 131.

Excluding 'comment' comment. [27] Excluding 'comment' comment.
Excluding 'comment' comment. Excluding 'comment' comment.
Excluding 'comment' comment. [28] Excluding 'comment' comment. [29]
Excluding 'comment' comment. Excluding 'comment' comment. [30]
Excluding 'comment' comment.
Overfull \hbox (0.54834pt too wide) in paragraph at lines 396--397
[]\T1/futs/m/n/12 Monomorphism and iso-mor-phism com-po-si-tions con-structs fo
r quasi-group and loop
 []

[31] [32]
Underfull \hbox (badness 10000) in paragraph at lines 436--441

 []


Package ucs Warning: Unknown character 8718 = 0x220E appeared again. on input l
ine 450.


Package ucs Warning: Unknown character 8718 = 0x220E appeared again. on input l
ine 457.

[33]

Package ucs Warning: Unknown character 8718 = 0x220E appeared again. on input l
ine 469.


Package ucs Warning: Unknown character 8718 = 0x220E appeared again. on input l
ine 478.

[34]

Package ucs Warning: Unknown character 8718 = 0x220E appeared again. on input l
ine 496.


Package ucs Warning: Unknown character 8718 = 0x220E appeared again. on input l
ine 505.

[35]

Package ucs Warning: Unknown character 8718 = 0x220E appeared again. on input l
ine 513.


Package ucs Warning: Unknown character 8718 = 0x220E appeared again. on input l
ine 522.

[36]

Package ucs Warning: Unknown character 8718 = 0x220E appeared again. on input l
ine 543.


Package ucs Warning: Unknown character 8718 = 0x220E appeared again. on input l
ine 553.


Package ucs Warning: Unknown character 8718 = 0x220E appeared again. on input l
ine 563.

[37]

Package ucs Warning: Unknown character 8718 = 0x220E appeared again. on input l
ine 572.


Package ucs Warning: Unknown character 8718 = 0x220E appeared again. on input l
ine 582.


Package ucs Warning: Unknown character 8718 = 0x220E appeared again. on input l
ine 592.

[38]

Package ucs Warning: Unknown character 8718 = 0x220E appeared again. on input l
ine 612.


Package ucs Warning: Unknown character 8718 = 0x220E appeared again. on input l
ine 619.

[39]

Package ucs Warning: Unknown character 8718 = 0x220E appeared again. on input l
ine 632.


Package ucs Warning: Unknown character 8718 = 0x220E appeared again. on input l
ine 641.

[40]

Package ucs Warning: Unknown character 8718 = 0x220E appeared again. on input l
ine 650.

) [41]
\openout2 = `semigroupring.aux'.

 (E:/Projects/MSc thesis\semigroupring.tex
Chapter 6.
[42




] [43] [44] [45] [46] [47]

Package ucs Warning: Unknown character 737 = 0x02E1 appeared again. on input li
ne 151.


Package ucs Warning: Unknown character 737 = 0x02E1 appeared again. on input li
ne 151.


Package ucs Warning: Unknown character 737 = 0x02E1 appeared again. on input li
ne 154.


Package ucs Warning: Unknown character 737 = 0x02E1 appeared again. on input li
ne 154.

[48]

Package ucs Warning: Unknown character 737 = 0x02E1 appeared again. on input li
ne 173.


Package ucs Warning: Unknown character 737 = 0x02E1 appeared again. on input li
ne 173.


Package ucs Warning: Unknown character 737 = 0x02E1 appeared again. on input li
ne 176.


Package ucs Warning: Unknown character 737 = 0x02E1 appeared again. on input li
ne 176.

[49]

Package ucs Warning: Unknown character 737 = 0x02E1 appeared again. on input li
ne 197.


Package ucs Warning: Unknown character 737 = 0x02E1 appeared again. on input li
ne 197.


Package ucs Warning: Unknown character 737 = 0x02E1 appeared again. on input li
ne 200.


Package ucs Warning: Unknown character 737 = 0x02E1 appeared again. on input li
ne 200.


Package ucs Warning: Unknown character 737 = 0x02E1 appeared again. on input li
ne 214.


Package ucs Warning: Unknown character 737 = 0x02E1 appeared again. on input li
ne 214.

[50]
Underfull \hbox (badness 10000) in paragraph at lines 224--228

 []

[51]
Overfull \hbox (0.14748pt too wide) in paragraph at lines 254--257
\T1/futs/m/n/12 b) S is mid-dle semi-me-dia. The com-mu-ta-tive semi-group S is
 mid-dle semi-me-dial if $\FMS/futm/m/n/12 8\FML/futmi/m/it/12 xyz \FMS/futm/m/
n/12 2
 []


Underfull \hbox (badness 10000) in paragraph at lines 254--257

 []


Package ucs Warning: Unknown character 8718 = 0x220E appeared again. on input l
ine 266.


Package ucs Warning: Unknown character 8718 = 0x220E appeared again. on input l
ine 275.

[52]

Package ucs Warning: Unknown character 8718 = 0x220E appeared again. on input l
ine 290.

[53] (C:\Users\Dell\AppData\Local\Programs\MiKTeX\tex/latex/ucs\uninames.dat
File: uninames.dat 2013/05/13 UCS: Unicode character names, compressed
)
(C:\Users\Dell\AppData\Local\Programs\MiKTeX\tex/latex/ucs\uni-32.def
File: uni-32.def 2013/05/13 UCS: Unicode data U+2000..U+20FF
)

! Package ucs Error: Unknown Unicode character 8255 = U+203F,
(ucs)                possibly declared in uni-32.def.
(ucs)                Type H to see if it is available with options.

See the ucs package documentation for explanation.
Type  H <return>  for immediate help.
 ...                                              
                                                  
l.301 ...bˡ-* : ∀ x y → - (x * y) ≈ - x * y
                                                  
? 

Package ucs Warning: Unknown character 737 = 0x02E1 appeared again. on input li
ne 301.


Package ucs Warning: Unknown character 8255 = 0x203F appeared again. on input l
ine 302.


Package ucs Warning: Unknown character 737 = 0x02E1 appeared again. on input li
ne 302.


Package ucs Warning: Unknown character 737 = 0x02E1 appeared again. on input li
ne 304.


Package ucs Warning: Unknown character 8255 = 0x203F appeared again. on input l
ine 304.


Package ucs Warning: Unknown character 8255 = 0x203F appeared again. on input l
ine 307.


Package ucs Warning: Unknown character 737 = 0x02E1 appeared again. on input li
ne 307.


Package ucs Warning: Unknown character 737 = 0x02E1 appeared again. on input li
ne 308.


Package ucs Warning: Unknown character 737 = 0x02E1 appeared again. on input li
ne 309.


Package ucs Warning: Unknown character 8718 = 0x220E appeared again. on input l
ine 310.

[54]

Package ucs Warning: Unknown character 8255 = 0x203F appeared again. on input l
ine 314.


Package ucs Warning: Unknown character 8255 = 0x203F appeared again. on input l
ine 315.


Package ucs Warning: Unknown character 737 = 0x02E1 appeared again. on input li
ne 316.


Package ucs Warning: Unknown character 8255 = 0x203F appeared again. on input l
ine 317.


Package ucs Warning: Unknown character 737 = 0x02E1 appeared again. on input li
ne 317.


Package ucs Warning: Unknown character 737 = 0x02E1 appeared again. on input li
ne 319.


Package ucs Warning: Unknown character 737 = 0x02E1 appeared again. on input li
ne 319.


Package ucs Warning: Unknown character 737 = 0x02E1 appeared again. on input li
ne 320.


Package ucs Warning: Unknown character 737 = 0x02E1 appeared again. on input li
ne 320.


Package ucs Warning: Unknown character 8255 = 0x203F appeared again. on input l
ine 320.


Package ucs Warning: Unknown character 737 = 0x02E1 appeared again. on input li
ne 321.


Package ucs Warning: Unknown character 8718 = 0x220E appeared again. on input l
ine 323.


Package ucs Warning: Unknown character 8255 = 0x203F appeared again. on input l
ine 336.


Package ucs Warning: Unknown character 737 = 0x02E1 appeared again. on input li
ne 336.


Package ucs Warning: Unknown character 8255 = 0x203F appeared again. on input l
ine 337.


Package ucs Warning: Unknown character 737 = 0x02E1 appeared again. on input li
ne 337.


Package ucs Warning: Unknown character 8718 = 0x220E appeared again. on input l
ine 338.

[55]

Package ucs Warning: Unknown character 737 = 0x02E1 appeared again. on input li
ne 345.


Package ucs Warning: Unknown character 8255 = 0x203F appeared again. on input l
ine 345.


Package ucs Warning: Unknown character 8255 = 0x203F appeared again. on input l
ine 348.


Package ucs Warning: Unknown character 8718 = 0x220E appeared again. on input l
ine 349.


Package ucs Warning: Unknown character 737 = 0x02E1 appeared again. on input li
ne 355.


Package ucs Warning: Unknown character 737 = 0x02E1 appeared again. on input li
ne 356.


Package ucs Warning: Unknown character 8255 = 0x203F appeared again. on input l
ine 356.


Package ucs Warning: Unknown character 8718 = 0x220E appeared again. on input l
ine 357.


Package ucs Warning: Unknown character 737 = 0x02E1 appeared again. on input li
ne 364.


Package ucs Warning: Unknown character 8255 = 0x203F appeared again. on input l
ine 364.


Package ucs Warning: Unknown character 737 = 0x02E1 appeared again. on input li
ne 364.


Package ucs Warning: Unknown character 8718 = 0x220E appeared again. on input l
ine 365.

) [56]
\openout2 = `kleenealgebra.aux'.

 (E:/Projects/MSc thesis\kleenealgebra.tex
Chapter 7.
[57




] [58] [59]

Package ucs Warning: Unknown character 737 = 0x02E1 appeared again. on input li
ne 91.


Package ucs Warning: Unknown character 737 = 0x02E1 appeared again. on input li
ne 91.

[60]

Package ucs Warning: Unknown character 737 = 0x02E1 appeared again. on input li
ne 94.


Package ucs Warning: Unknown character 737 = 0x02E1 appeared again. on input li
ne 94.

[61]

Package ucs Warning: Unknown character 737 = 0x02E1 appeared again. on input li
ne 125.


Package ucs Warning: Unknown character 737 = 0x02E1 appeared again. on input li
ne 126.


Package ucs Warning: Unknown character 8718 = 0x220E appeared again. on input l
ine 128.


Package ucs Warning: Unknown character 737 = 0x02E1 appeared again. on input li
ne 135.


Package ucs Warning: Unknown character 8718 = 0x220E appeared again. on input l
ine 137.


Package ucs Warning: Unknown character 737 = 0x02E1 appeared again. on input li
ne 142.


Package ucs Warning: Unknown character 8718 = 0x220E appeared again. on input l
ine 143.

[62]

Package ucs Warning: Unknown character 737 = 0x02E1 appeared again. on input li
ne 153.


Package ucs Warning: Unknown character 8718 = 0x220E appeared again. on input l
ine 154.


Package ucs Warning: Unknown character 737 = 0x02E1 appeared again. on input li
ne 164.


Package ucs Warning: Unknown character 8718 = 0x220E appeared again. on input l
ine 166.


Package ucs Warning: Unknown character 737 = 0x02E1 appeared again. on input li
ne 176.


Package ucs Warning: Unknown character 737 = 0x02E1 appeared again. on input li
ne 176.


Package ucs Warning: Unknown character 8718 = 0x220E appeared again. on input l
ine 178.

[63]

Package ucs Warning: Unknown character 737 = 0x02E1 appeared again. on input li
ne 185.


Package ucs Warning: Unknown character 737 = 0x02E1 appeared again. on input li
ne 190.


Package ucs Warning: Unknown character 737 = 0x02E1 appeared again. on input li
ne 190.


Package ucs Warning: Unknown character 737 = 0x02E1 appeared again. on input li
ne 191.


Package ucs Warning: Unknown character 737 = 0x02E1 appeared again. on input li
ne 191.


Package ucs Warning: Unknown character 8718 = 0x220E appeared again. on input l
ine 193.


Package ucs Warning: Unknown character 737 = 0x02E1 appeared again. on input li
ne 201.


Package ucs Warning: Unknown character 8718 = 0x220E appeared again. on input l
ine 203.


Package ucs Warning: Unknown character 737 = 0x02E1 appeared again. on input li
ne 211.


Package ucs Warning: Unknown character 8718 = 0x220E appeared again. on input l
ine 213.

[64]

Package ucs Warning: Unknown character 737 = 0x02E1 appeared again. on input li
ne 219.


Package ucs Warning: Unknown character 737 = 0x02E1 appeared again. on input li
ne 226.


Package ucs Warning: Unknown character 8718 = 0x220E appeared again. on input l
ine 228.


Package ucs Warning: Unknown character 737 = 0x02E1 appeared again. on input li
ne 233.


Package ucs Warning: Unknown character 8718 = 0x220E appeared again. on input l
ine 234.


Package ucs Warning: Unknown character 737 = 0x02E1 appeared again. on input li
ne 241.


Package ucs Warning: Unknown character 8718 = 0x220E appeared again. on input l
ine 243.

[65]

Package ucs Warning: Unknown character 737 = 0x02E1 appeared again. on input li
ne 248.


Package ucs Warning: Unknown character 8718 = 0x220E appeared again. on input l
ine 249.


Package ucs Warning: Unknown character 737 = 0x02E1 appeared again. on input li
ne 256.


Package ucs Warning: Unknown character 737 = 0x02E1 appeared again. on input li
ne 258.


Package ucs Warning: Unknown character 737 = 0x02E1 appeared again. on input li
ne 259.


Package ucs Warning: Unknown character 737 = 0x02E1 appeared again. on input li
ne 260.


Package ucs Warning: Unknown character 737 = 0x02E1 appeared again. on input li
ne 261.


Package ucs Warning: Unknown character 8718 = 0x220E appeared again. on input l
ine 262.


Package ucs Warning: Unknown character 737 = 0x02E1 appeared again. on input li
ne 265.

) [66]
\openout2 = `Probleminprogramalgebra.aux'.

 (E:/Projects/MSc thesis\Probleminprogramalgebra.tex
Chapter 8.

Underfull \hbox (badness 10000) in paragraph at lines 6--8

 []

[67




]
Overfull \hbox (28.52998pt too wide) in paragraph at lines 9--34
[][] 
 []


Underfull \hbox (badness 10000) in paragraph at lines 9--34

 []


Overfull \hbox (54.11961pt too wide) in paragraph at lines 9--34
[] 
 []


Underfull \hbox (badness 10000) in paragraph at lines 9--34

 []

[68]
Underfull \hbox (badness 10000) in paragraph at lines 35--36

 []

[69]

Package natbib Warning: Citation `quasigroupWiki' on page 70 undefined on input
 line 50.


Underfull \hbox (badness 10000) in paragraph at lines 50--51

 []

[70]
Underfull \hbox (badness 10000) in paragraph at lines 62--63

 []


Underfull \hbox (badness 10000) in paragraph at lines 76--77

 []

[71]
Underfull \hbox (badness 10000) in paragraph at lines 78--79

 []


Underfull \hbox (badness 10000) in paragraph at lines 90--91

 []

[72]
Underfull \hbox (badness 10000) in paragraph at lines 102--103

 []

[73] [74] [75] [76]
Underfull \hbox (badness 10000) in paragraph at lines 160--166

 []


Package natbib Warning: Citation `kang1990feature' on page 77 undefined on inpu
t line 169.


Underfull \hbox (badness 10000) in paragraph at lines 169--170

 []


LaTeX Warning: Reference `fig_multienv_1' on page 77 undefined on input line 17
1.

<figures/Sample/semigroupPFA.jpg, id=563, 660.66824pt x 290.88675pt>
File: figures/Sample/semigroupPFA.jpg Graphic file (type jpg)
<use figures/Sample/semigroupPFA.jpg>
Package pdftex.def Info: figures/Sample/semigroupPFA.jpg  used on input line 17
4.
(pdftex.def)             Requested size: 303.53267pt x 133.64085pt.

Underfull \hbox (badness 10000) in paragraph at lines 179--183

 []

[77]

LaTeX Warning: Reference `fig_nearring' on page 78 undefined on input line 184.


<figures/Sample/nearringPFA.jpg, id=569, 1156.32pt x 650.43pt>
File: figures/Sample/nearringPFA.jpg Graphic file (type jpg)
<use figures/Sample/nearringPFA.jpg>
Package pdftex.def Info: figures/Sample/nearringPFA.jpg  used on input line 187
.
(pdftex.def)             Requested size: 303.53267pt x 170.73546pt.

Underfull \hbox (badness 10000) in paragraph at lines 192--196

 []

[78 <E:/Projects/MSc thesis/figures/Sample/semigroupPFA.jpg> <E:/Projects/MSc t
hesis/figures/Sample/nearringPFA.jpg>]

LaTeX Warning: Reference `fig_quasigroup' on page 79 undefined on input line 19
7.

<figures/Sample/quasigroupPFA.jpg, id=576, 1156.32pt x 650.43pt>
File: figures/Sample/quasigroupPFA.jpg Graphic file (type jpg)
<use figures/Sample/quasigroupPFA.jpg>
Package pdftex.def Info: figures/Sample/quasigroupPFA.jpg  used on input line 2
00.
(pdftex.def)             Requested size: 303.53267pt x 170.73546pt.

Underfull \hbox (badness 10000) in paragraph at lines 197--209

 []


LaTeX Warning: Reference `fig_nearring' on page 79 undefined on input line 210.



LaTeX Warning: Reference `fig_nearringArrow' on page 79 undefined on input line
 210.

<figures/Sample/nearringArrow.jpg, id=577, 1152.10425pt x 562.5015pt>
File: figures/Sample/nearringArrow.jpg Graphic file (type jpg)
<use figures/Sample/nearringArrow.jpg>
Package pdftex.def Info: figures/Sample/nearringArrow.jpg  used on input line 2
13.
(pdftex.def)             Requested size: 303.53267pt x 148.1953pt.
) [79 <E:/Projects/MSc thesis/figures/Sample/quasigroupPFA.jpg>] [80 <E:/Projec
ts/MSc thesis/figures/Sample/nearringArrow.jpg>]
\openout2 = `conclusion.aux'.


(E:/Projects/MSc thesis\conclusion.tex
Chapter 9.
) [81




]
\openout2 = `appendixA.aux'.

 (E:/Projects/MSc thesis\appendixA.tex
Appendix A.
) [82




]
\openout2 = `appendixB.aux'.

 (E:/Projects/MSc thesis\appendixB.tex
Appendix B.
[83




]) [84]
No file Thesis_Main.bbl.

Package natbib Warning: There were undefined citations.


Package longtable Warning: Table widths have changed. Rerun LaTeX.

(Thesis_Main.aux (definitions.aux) (layabstr.aux) (abstr.aux) (dedic.aux)
(acknowledgements.aux) (notation.aux) (UniversalAlgebra.aux) (Agda.aux)
(Introduction.aux) (algebrasurvey.aux) (quasigrouploop.aux) (semigroupring.aux)
(kleenealgebra.aux) (Probleminprogramalgebra.aux) (conclusion.aux)
(appendixA.aux) (appendixB.aux))

LaTeX Warning: There were undefined references.


LaTeX Warning: Label(s) may have changed. Rerun to get cross-references right.


Package rerunfilecheck Warning: File `Thesis_Main.out' has changed.
(rerunfilecheck)                Rerun to get outlines right
(rerunfilecheck)                or use package `bookmark'.

Package rerunfilecheck Info: Checksums for `Thesis_Main.out':
(rerunfilecheck)             Before: <no file>
(rerunfilecheck)             After:  33884F09FAD34D8821806CF0E391FCC5;6334.
 ) 
Here is how much of TeX's memory you used:
 17225 strings out of 478927
 252284 string characters out of 2853010
 637435 words of memory out of 3000000
 34488 multiletter control sequences out of 15000+600000
 483183 words of font info for 97 fonts, out of 8000000 for 9000
 1141 hyphenation exceptions out of 8191
 75i,12n,81p,1590b,761s stack positions out of 5000i,500n,10000p,200000b,80000s
 <C:\Users\Dell\AppData\Local\MiKTeX\fonts/pk/ljfour/jknappen/ec/dpi600\ectt0
900.pk> <C:\Users\Dell\AppData\Local\MiKTeX\fonts/pk/ljfour/jknappen/ec/dpi600\
ectt1200.pk>{C:/Users/Dell/AppData/Local/Programs/MiKTeX/fonts/enc/dvips/base/8
r.enc}<C:/Users/Dell/AppData/Local/Programs/MiKTeX/fonts/type1/public/amsfonts/
cm/cmtt12.pfb><C:/Users/Dell/AppData/Local/Programs/MiKTeX/fonts/type1/public/f
ourier/fourier-ml.pfb><C:/Users/Dell/AppData/Local/Programs/MiKTeX/fonts/type1/
public/fourier/fourier-mlit.pfb><C:/Users/Dell/AppData/Local/Programs/MiKTeX/fo
nts/type1/public/fourier/fourier-ms.pfb><C:/Users/Dell/AppData/Local/Programs/M
iKTeX/fonts/type1/public/amsfonts/symbols/msam10.pfb><C:/Users/Dell/AppData/Loc
al/Programs/MiKTeX/fonts/type1/adobe/utopia/putb8a.pfb><C:/Users/Dell/AppData/L
ocal/Programs/MiKTeX/fonts/type1/adobe/utopia/putr8a.pfb><C:/Users/Dell/AppData
/Local/Programs/MiKTeX/fonts/type1/adobe/utopia/putr8a.pfb><C:/Users/Dell/AppDa
ta/Local/Programs/MiKTeX/fonts/type1/adobe/utopia/putri8a.pfb><C:/Users/Dell/Ap
pData/Local/Programs/MiKTeX/fonts/type1/public/tipa/tipatt12.pfb>
Output written on Thesis_Main.pdf (96 pages, 656820 bytes).
PDF statistics:
 784 PDF objects out of 1000 (max. 8388607)
 163 named destinations out of 1000 (max. 500000)
 21 words of extra memory for PDF output out of 10000 (max. 10000000)

